2025-03-19 18:12:45 INFO  LoginTests:24 - Login with username : jan2025.sarika@tekarch.com and password : Admin123
2025-03-19 18:12:52 INFO  LoginTests:24 - Login with username : jan2025.sarika@tekarch.com and password : 
2025-03-19 18:12:52 INFO  LoginTests:24 - Login with username : jan2025.sarika@tekarch.com and password : as123
2025-03-19 18:12:52 INFO  LoginTests:24 - Login with username :  and password : 
2025-03-19 18:12:52 INFO  LoginTests:24 - Login with username : dd and password : as2344
2025-03-19 18:12:53 INFO  LoginTests:24 - Login with username : dd and password : Admin123
2025-03-19 18:12:53 INFO  LoginTests:24 - Login with username :  and password : Admin123
2025-03-19 18:48:07 INFO  BaseTest:66 - Delete API started
2025-03-19 18:49:55 INFO  BaseTest:66 - Delete API started
2025-03-19 18:51:47 INFO  BaseTest:67 - Delete API started
2025-03-19 18:53:48 INFO  BaseTest:67 - Delete API started
2025-03-19 18:55:14 INFO  BaseTest:67 - Delete API started
2025-03-19 19:01:36 INFO  BaseTest:22 - Login with username : jan2025.sarika@tekarch.com and password : Admin123
2025-03-19 19:01:39 INFO  BaseTest:22 - Login with username : jan2025.sarika@tekarch.com and password : 
2025-03-19 19:01:40 INFO  BaseTest:22 - Login with username : jan2025.sarika@tekarch.com and password : as123
2025-03-19 19:01:40 INFO  BaseTest:22 - Login with username :  and password : 
2025-03-19 19:01:40 INFO  BaseTest:22 - Login with username : dd and password : as2344
2025-03-19 19:01:41 INFO  BaseTest:22 - Login with username : dd and password : Admin123
2025-03-19 19:01:41 INFO  BaseTest:22 - Login with username :  and password : Admin123
2025-03-19 20:23:47 INFO  BaseTest:22 - Login with username : jan2025.sarika@tekarch.com and password : Admin123
2025-03-19 20:23:47 INFO  BaseTest:22 - Login with username : jan2025.sarika@tekarch.com and password : 
2025-03-19 20:23:47 INFO  BaseTest:22 - Login with username : jan2025.sarika@tekarch.com and password : as123
2025-03-19 20:23:47 INFO  BaseTest:22 - Login with username :  and password : 
2025-03-19 20:23:48 INFO  BaseTest:22 - Login with username : dd and password : as2344
2025-03-19 20:23:48 INFO  BaseTest:22 - Login with username : dd and password : Admin123
2025-03-19 20:23:49 INFO  BaseTest:22 - Login with username :  and password : Admin123
2025-03-19 20:23:57 INFO  BaseTest:68 - Delete API started
2025-03-19 20:25:37 INFO  BaseTest:22 - Login with username : jan2025.sarika@tekarch.com and password : Admin123
2025-03-19 20:25:41 INFO  BaseTest:22 - Login with username : jan2025.sarika@tekarch.com and password : 
2025-03-19 20:25:42 INFO  BaseTest:22 - Login with username : jan2025.sarika@tekarch.com and password : as123
2025-03-19 20:25:42 INFO  BaseTest:22 - Login with username :  and password : 
2025-03-19 20:25:42 INFO  BaseTest:22 - Login with username : dd and password : as2344
2025-03-19 20:25:43 INFO  BaseTest:22 - Login with username : dd and password : Admin123
2025-03-19 20:25:43 INFO  BaseTest:22 - Login with username :  and password : Admin123
2025-03-19 20:27:03 INFO  BaseTest:22 - Login with username : jan2025.sarika@tekarch.com and password : Admin123
2025-03-19 20:27:07 INFO  BaseTest:22 - Login with username : jan2025.sarika@tekarch.com and password : 
2025-03-19 20:27:07 INFO  BaseTest:22 - Login with username : jan2025.sarika@tekarch.com and password : as123
2025-03-19 20:27:08 INFO  BaseTest:22 - Login with username :  and password : 
2025-03-19 20:27:08 INFO  BaseTest:22 - Login with username : dd and password : as2344
2025-03-19 20:27:08 INFO  BaseTest:22 - Login with username : dd and password : Admin123
2025-03-19 20:27:08 INFO  BaseTest:22 - Login with username :  and password : Admin123
2025-03-19 20:28:08 INFO  BaseTest:22 - Login with username : jan2025.sarika@tekarch.com and password : Admin123
2025-03-19 20:28:12 INFO  BaseTest:22 - Login with username : jan2025.sarika@tekarch.com and password : 
2025-03-19 20:28:12 INFO  BaseTest:22 - Login with username : jan2025.sarika@tekarch.com and password : as123
2025-03-19 20:28:12 INFO  BaseTest:22 - Login with username :  and password : 
2025-03-19 20:28:12 INFO  BaseTest:22 - Login with username : dd and password : as2344
2025-03-19 20:28:13 INFO  BaseTest:22 - Login with username : dd and password : Admin123
2025-03-19 20:28:13 INFO  BaseTest:22 - Login with username :  and password : Admin123
2025-03-19 20:29:26 INFO  BaseTest:22 - Login with username : jan2025.sarika@tekarch.com and password : Admin123
2025-03-19 20:29:26 INFO  BaseTest:22 - Login with username : jan2025.sarika@tekarch.com and password : 
2025-03-19 20:29:26 INFO  BaseTest:22 - Login with username : jan2025.sarika@tekarch.com and password : as123
2025-03-19 20:29:26 INFO  BaseTest:22 - Login with username :  and password : 
2025-03-19 20:29:27 INFO  BaseTest:22 - Login with username : dd and password : as2344
2025-03-19 20:29:27 INFO  BaseTest:22 - Login with username : dd and password : Admin123
2025-03-19 20:29:27 INFO  BaseTest:22 - Login with username :  and password : Admin123
2025-03-19 20:29:34 INFO  BaseTest:68 - Delete API started
